<?xml version="1.0" encoding="UTF-8"?>
<testsuite xmlns:xsi="http://www.w3.org/2001/XMLSchema-instance" xsi:noNamespaceSchemaLocation="https://maven.apache.org/surefire/maven-surefire-plugin/xsd/surefire-test-report.xsd" name="ada.spd.startup.StartupApplicationTests" time="7.685" tests="1" errors="0" skipped="0" failures="0">
  <properties>
    <property name="java.specification.version" value="13"/>
    <property name="sun.jnu.encoding" value="UTF-8"/>
    <property name="java.class.path" value="/Users/ihakhverdiyev/Desktop/sdp/target/test-classes:/Users/ihakhverdiyev/Desktop/sdp/target/classes:/Users/ihakhverdiyev/.m2/repository/org/postgresql/postgresql/42.2.8/postgresql-42.2.8.jar:/Users/ihakhverdiyev/.m2/repository/org/springframework/boot/spring-boot-starter-mail/2.2.0.RELEASE/spring-boot-starter-mail-2.2.0.RELEASE.jar:/Users/ihakhverdiyev/.m2/repository/org/springframework/boot/spring-boot-starter/2.2.0.RELEASE/spring-boot-starter-2.2.0.RELEASE.jar:/Users/ihakhverdiyev/.m2/repository/org/springframework/boot/spring-boot-starter-logging/2.2.0.RELEASE/spring-boot-starter-logging-2.2.0.RELEASE.jar:/Users/ihakhverdiyev/.m2/repository/ch/qos/logback/logback-classic/1.2.3/logback-classic-1.2.3.jar:/Users/ihakhverdiyev/.m2/repository/ch/qos/logback/logback-core/1.2.3/logback-core-1.2.3.jar:/Users/ihakhverdiyev/.m2/repository/org/apache/logging/log4j/log4j-to-slf4j/2.12.1/log4j-to-slf4j-2.12.1.jar:/Users/ihakhverdiyev/.m2/repository/org/apache/logging/log4j/log4j-api/2.12.1/log4j-api-2.12.1.jar:/Users/ihakhverdiyev/.m2/repository/org/slf4j/jul-to-slf4j/1.7.28/jul-to-slf4j-1.7.28.jar:/Users/ihakhverdiyev/.m2/repository/org/yaml/snakeyaml/1.25/snakeyaml-1.25.jar:/Users/ihakhverdiyev/.m2/repository/org/springframework/spring-context-support/5.2.0.RELEASE/spring-context-support-5.2.0.RELEASE.jar:/Users/ihakhverdiyev/.m2/repository/org/springframework/spring-beans/5.2.0.RELEASE/spring-beans-5.2.0.RELEASE.jar:/Users/ihakhverdiyev/.m2/repository/org/springframework/spring-context/5.2.0.RELEASE/spring-context-5.2.0.RELEASE.jar:/Users/ihakhverdiyev/.m2/repository/com/sun/mail/jakarta.mail/1.6.4/jakarta.mail-1.6.4.jar:/Users/ihakhverdiyev/.m2/repository/com/sun/activation/jakarta.activation/1.2.1/jakarta.activation-1.2.1.jar:/Users/ihakhverdiyev/.m2/repository/io/springfox/springfox-swagger2/2.7.0/springfox-swagger2-2.7.0.jar:/Users/ihakhverdiyev/.m2/repository/io/swagger/swagger-annotations/1.5.13/swagger-annotations-1.5.13.jar:/Users/ihakhverdiyev/.m2/repository/io/swagger/swagger-models/1.5.13/swagger-models-1.5.13.jar:/Users/ihakhverdiyev/.m2/repository/io/springfox/springfox-spi/2.7.0/springfox-spi-2.7.0.jar:/Users/ihakhverdiyev/.m2/repository/io/springfox/springfox-core/2.7.0/springfox-core-2.7.0.jar:/Users/ihakhverdiyev/.m2/repository/io/springfox/springfox-schema/2.7.0/springfox-schema-2.7.0.jar:/Users/ihakhverdiyev/.m2/repository/io/springfox/springfox-swagger-common/2.7.0/springfox-swagger-common-2.7.0.jar:/Users/ihakhverdiyev/.m2/repository/io/springfox/springfox-spring-web/2.7.0/springfox-spring-web-2.7.0.jar:/Users/ihakhverdiyev/.m2/repository/org/reflections/reflections/0.9.11/reflections-0.9.11.jar:/Users/ihakhverdiyev/.m2/repository/com/google/guava/guava/18.0/guava-18.0.jar:/Users/ihakhverdiyev/.m2/repository/com/fasterxml/classmate/1.5.0/classmate-1.5.0.jar:/Users/ihakhverdiyev/.m2/repository/org/slf4j/slf4j-api/1.7.28/slf4j-api-1.7.28.jar:/Users/ihakhverdiyev/.m2/repository/org/springframework/plugin/spring-plugin-core/1.2.0.RELEASE/spring-plugin-core-1.2.0.RELEASE.jar:/Users/ihakhverdiyev/.m2/repository/org/springframework/spring-aop/5.2.0.RELEASE/spring-aop-5.2.0.RELEASE.jar:/Users/ihakhverdiyev/.m2/repository/org/springframework/plugin/spring-plugin-metadata/1.2.0.RELEASE/spring-plugin-metadata-1.2.0.RELEASE.jar:/Users/ihakhverdiyev/.m2/repository/org/mapstruct/mapstruct/1.1.0.Final/mapstruct-1.1.0.Final.jar:/Users/ihakhverdiyev/.m2/repository/org/springframework/boot/spring-boot-starter-tomcat/2.2.0.RELEASE/spring-boot-starter-tomcat-2.2.0.RELEASE.jar:/Users/ihakhverdiyev/.m2/repository/jakarta/annotation/jakarta.annotation-api/1.3.5/jakarta.annotation-api-1.3.5.jar:/Users/ihakhverdiyev/.m2/repository/org/apache/tomcat/embed/tomcat-embed-core/9.0.27/tomcat-embed-core-9.0.27.jar:/Users/ihakhverdiyev/.m2/repository/org/apache/tomcat/embed/tomcat-embed-el/9.0.27/tomcat-embed-el-9.0.27.jar:/Users/ihakhverdiyev/.m2/repository/org/apache/tomcat/embed/tomcat-embed-websocket/9.0.27/tomcat-embed-websocket-9.0.27.jar:/Users/ihakhverdiyev/.m2/repository/io/springfox/springfox-swagger-ui/2.7.0/springfox-swagger-ui-2.7.0.jar:/Users/ihakhverdiyev/.m2/repository/org/springframework/boot/spring-boot-starter-thymeleaf/2.2.0.RELEASE/spring-boot-starter-thymeleaf-2.2.0.RELEASE.jar:/Users/ihakhverdiyev/.m2/repository/org/thymeleaf/thymeleaf-spring5/3.0.11.RELEASE/thymeleaf-spring5-3.0.11.RELEASE.jar:/Users/ihakhverdiyev/.m2/repository/org/thymeleaf/thymeleaf/3.0.11.RELEASE/thymeleaf-3.0.11.RELEASE.jar:/Users/ihakhverdiyev/.m2/repository/org/attoparser/attoparser/2.0.5.RELEASE/attoparser-2.0.5.RELEASE.jar:/Users/ihakhverdiyev/.m2/repository/org/unbescape/unbescape/1.1.6.RELEASE/unbescape-1.1.6.RELEASE.jar:/Users/ihakhverdiyev/.m2/repository/org/thymeleaf/extras/thymeleaf-extras-java8time/3.0.4.RELEASE/thymeleaf-extras-java8time-3.0.4.RELEASE.jar:/Users/ihakhverdiyev/.m2/repository/org/springframework/boot/spring-boot-devtools/2.2.0.RELEASE/spring-boot-devtools-2.2.0.RELEASE.jar:/Users/ihakhverdiyev/.m2/repository/org/springframework/boot/spring-boot/2.2.0.RELEASE/spring-boot-2.2.0.RELEASE.jar:/Users/ihakhverdiyev/.m2/repository/org/springframework/boot/spring-boot-autoconfigure/2.2.0.RELEASE/spring-boot-autoconfigure-2.2.0.RELEASE.jar:/Users/ihakhverdiyev/.m2/repository/org/springframework/boot/spring-boot-starter-data-elasticsearch/2.2.0.RELEASE/spring-boot-starter-data-elasticsearch-2.2.0.RELEASE.jar:/Users/ihakhverdiyev/.m2/repository/org/springframework/data/spring-data-elasticsearch/3.2.0.RELEASE/spring-data-elasticsearch-3.2.0.RELEASE.jar:/Users/ihakhverdiyev/.m2/repository/org/springframework/spring-tx/5.2.0.RELEASE/spring-tx-5.2.0.RELEASE.jar:/Users/ihakhverdiyev/.m2/repository/org/springframework/data/spring-data-commons/2.2.0.RELEASE/spring-data-commons-2.2.0.RELEASE.jar:/Users/ihakhverdiyev/.m2/repository/org/elasticsearch/client/transport/6.8.3/transport-6.8.3.jar:/Users/ihakhverdiyev/.m2/repository/org/elasticsearch/elasticsearch/6.8.3/elasticsearch-6.8.3.jar:/Users/ihakhverdiyev/.m2/repository/org/elasticsearch/elasticsearch-core/6.8.3/elasticsearch-core-6.8.3.jar:/Users/ihakhverdiyev/.m2/repository/org/elasticsearch/elasticsearch-secure-sm/6.8.3/elasticsearch-secure-sm-6.8.3.jar:/Users/ihakhverdiyev/.m2/repository/org/elasticsearch/elasticsearch-x-content/6.8.3/elasticsearch-x-content-6.8.3.jar:/Users/ihakhverdiyev/.m2/repository/com/fasterxml/jackson/dataformat/jackson-dataformat-smile/2.10.0/jackson-dataformat-smile-2.10.0.jar:/Users/ihakhverdiyev/.m2/repository/com/fasterxml/jackson/dataformat/jackson-dataformat-yaml/2.10.0/jackson-dataformat-yaml-2.10.0.jar:/Users/ihakhverdiyev/.m2/repository/com/fasterxml/jackson/dataformat/jackson-dataformat-cbor/2.10.0/jackson-dataformat-cbor-2.10.0.jar:/Users/ihakhverdiyev/.m2/repository/org/apache/lucene/lucene-core/7.7.0/lucene-core-7.7.0.jar:/Users/ihakhverdiyev/.m2/repository/org/apache/lucene/lucene-analyzers-common/7.7.0/lucene-analyzers-common-7.7.0.jar:/Users/ihakhverdiyev/.m2/repository/org/apache/lucene/lucene-backward-codecs/7.7.0/lucene-backward-codecs-7.7.0.jar:/Users/ihakhverdiyev/.m2/repository/org/apache/lucene/lucene-grouping/7.7.0/lucene-grouping-7.7.0.jar:/Users/ihakhverdiyev/.m2/repository/org/apache/lucene/lucene-highlighter/7.7.0/lucene-highlighter-7.7.0.jar:/Users/ihakhverdiyev/.m2/repository/org/apache/lucene/lucene-join/7.7.0/lucene-join-7.7.0.jar:/Users/ihakhverdiyev/.m2/repository/org/apache/lucene/lucene-memory/7.7.0/lucene-memory-7.7.0.jar:/Users/ihakhverdiyev/.m2/repository/org/apache/lucene/lucene-misc/7.7.0/lucene-misc-7.7.0.jar:/Users/ihakhverdiyev/.m2/repository/org/apache/lucene/lucene-queries/7.7.0/lucene-queries-7.7.0.jar:/Users/ihakhverdiyev/.m2/repository/org/apache/lucene/lucene-queryparser/7.7.0/lucene-queryparser-7.7.0.jar:/Users/ihakhverdiyev/.m2/repository/org/apache/lucene/lucene-sandbox/7.7.0/lucene-sandbox-7.7.0.jar:/Users/ihakhverdiyev/.m2/repository/org/apache/lucene/lucene-spatial/7.7.0/lucene-spatial-7.7.0.jar:/Users/ihakhverdiyev/.m2/repository/org/apache/lucene/lucene-spatial-extras/7.7.0/lucene-spatial-extras-7.7.0.jar:/Users/ihakhverdiyev/.m2/repository/org/apache/lucene/lucene-spatial3d/7.7.0/lucene-spatial3d-7.7.0.jar:/Users/ihakhverdiyev/.m2/repository/org/apache/lucene/lucene-suggest/7.7.0/lucene-suggest-7.7.0.jar:/Users/ihakhverdiyev/.m2/repository/org/elasticsearch/elasticsearch-cli/6.8.3/elasticsearch-cli-6.8.3.jar:/Users/ihakhverdiyev/.m2/repository/net/sf/jopt-simple/jopt-simple/5.0.2/jopt-simple-5.0.2.jar:/Users/ihakhverdiyev/.m2/repository/com/carrotsearch/hppc/0.7.1/hppc-0.7.1.jar:/Users/ihakhverdiyev/.m2/repository/com/tdunning/t-digest/3.2/t-digest-3.2.jar:/Users/ihakhverdiyev/.m2/repository/org/hdrhistogram/HdrHistogram/2.1.9/HdrHistogram-2.1.9.jar:/Users/ihakhverdiyev/.m2/repository/org/elasticsearch/jna/4.5.1/jna-4.5.1.jar:/Users/ihakhverdiyev/.m2/repository/org/elasticsearch/plugin/reindex-client/6.8.3/reindex-client-6.8.3.jar:/Users/ihakhverdiyev/.m2/repository/org/elasticsearch/elasticsearch-ssl-config/6.8.3/elasticsearch-ssl-config-6.8.3.jar:/Users/ihakhverdiyev/.m2/repository/org/elasticsearch/plugin/lang-mustache-client/6.8.3/lang-mustache-client-6.8.3.jar:/Users/ihakhverdiyev/.m2/repository/com/github/spullara/mustache/java/compiler/0.9.3/compiler-0.9.3.jar:/Users/ihakhverdiyev/.m2/repository/org/elasticsearch/plugin/percolator-client/6.8.3/percolator-client-6.8.3.jar:/Users/ihakhverdiyev/.m2/repository/org/elasticsearch/plugin/parent-join-client/6.8.3/parent-join-client-6.8.3.jar:/Users/ihakhverdiyev/.m2/repository/org/elasticsearch/plugin/rank-eval-client/6.8.3/rank-eval-client-6.8.3.jar:/Users/ihakhverdiyev/.m2/repository/org/elasticsearch/plugin/transport-netty4-client/6.8.3/transport-netty4-client-6.8.3.jar:/Users/ihakhverdiyev/.m2/repository/io/netty/netty-buffer/4.1.42.Final/netty-buffer-4.1.42.Final.jar:/Users/ihakhverdiyev/.m2/repository/io/netty/netty-codec/4.1.42.Final/netty-codec-4.1.42.Final.jar:/Users/ihakhverdiyev/.m2/repository/io/netty/netty-common/4.1.42.Final/netty-common-4.1.42.Final.jar:/Users/ihakhverdiyev/.m2/repository/io/netty/netty-resolver/4.1.42.Final/netty-resolver-4.1.42.Final.jar:/Users/ihakhverdiyev/.m2/repository/io/netty/netty-transport/4.1.42.Final/netty-transport-4.1.42.Final.jar:/Users/ihakhverdiyev/.m2/repository/org/elasticsearch/client/elasticsearch-rest-high-level-client/6.8.3/elasticsearch-rest-high-level-client-6.8.3.jar:/Users/ihakhverdiyev/.m2/repository/org/elasticsearch/client/elasticsearch-rest-client/6.8.3/elasticsearch-rest-client-6.8.3.jar:/Users/ihakhverdiyev/.m2/repository/org/apache/httpcomponents/httpasyncclient/4.1.4/httpasyncclient-4.1.4.jar:/Users/ihakhverdiyev/.m2/repository/org/apache/httpcomponents/httpcore-nio/4.4.12/httpcore-nio-4.4.12.jar:/Users/ihakhverdiyev/.m2/repository/commons-codec/commons-codec/1.13/commons-codec-1.13.jar:/Users/ihakhverdiyev/.m2/repository/org/elasticsearch/plugin/aggs-matrix-stats-client/6.8.3/aggs-matrix-stats-client-6.8.3.jar:/Users/ihakhverdiyev/.m2/repository/com/twilio/sdk/twilio/7.42.0/twilio-7.42.0.jar:/Users/ihakhverdiyev/.m2/repository/joda-time/joda-time/2.10.4/joda-time-2.10.4.jar:/Users/ihakhverdiyev/.m2/repository/io/jsonwebtoken/jjwt/0.4/jjwt-0.4.jar:/Users/ihakhverdiyev/.m2/repository/org/apache/httpcomponents/httpclient/4.5.10/httpclient-4.5.10.jar:/Users/ihakhverdiyev/.m2/repository/org/apache/httpcomponents/httpcore/4.4.12/httpcore-4.4.12.jar:/Users/ihakhverdiyev/.m2/repository/com/fasterxml/jackson/core/jackson-core/2.10.0/jackson-core-2.10.0.jar:/Users/ihakhverdiyev/.m2/repository/com/fasterxml/jackson/core/jackson-annotations/2.10.0/jackson-annotations-2.10.0.jar:/Users/ihakhverdiyev/.m2/repository/com/fasterxml/jackson/core/jackson-databind/2.10.0/jackson-databind-2.10.0.jar:/Users/ihakhverdiyev/.m2/repository/javax/xml/bind/jaxb-api/2.3.1/jaxb-api-2.3.1.jar:/Users/ihakhverdiyev/.m2/repository/javax/activation/javax.activation-api/1.2.0/javax.activation-api-1.2.0.jar:/Users/ihakhverdiyev/.m2/repository/org/springframework/boot/spring-boot-starter-data-jpa/2.2.0.RELEASE/spring-boot-starter-data-jpa-2.2.0.RELEASE.jar:/Users/ihakhverdiyev/.m2/repository/org/springframework/boot/spring-boot-starter-aop/2.2.0.RELEASE/spring-boot-starter-aop-2.2.0.RELEASE.jar:/Users/ihakhverdiyev/.m2/repository/org/aspectj/aspectjweaver/1.9.4/aspectjweaver-1.9.4.jar:/Users/ihakhverdiyev/.m2/repository/org/springframework/boot/spring-boot-starter-jdbc/2.2.0.RELEASE/spring-boot-starter-jdbc-2.2.0.RELEASE.jar:/Users/ihakhverdiyev/.m2/repository/com/zaxxer/HikariCP/3.4.1/HikariCP-3.4.1.jar:/Users/ihakhverdiyev/.m2/repository/org/springframework/spring-jdbc/5.2.0.RELEASE/spring-jdbc-5.2.0.RELEASE.jar:/Users/ihakhverdiyev/.m2/repository/jakarta/activation/jakarta.activation-api/1.2.1/jakarta.activation-api-1.2.1.jar:/Users/ihakhverdiyev/.m2/repository/jakarta/persistence/jakarta.persistence-api/2.2.3/jakarta.persistence-api-2.2.3.jar:/Users/ihakhverdiyev/.m2/repository/jakarta/transaction/jakarta.transaction-api/1.3.3/jakarta.transaction-api-1.3.3.jar:/Users/ihakhverdiyev/.m2/repository/org/hibernate/hibernate-core/5.4.6.Final/hibernate-core-5.4.6.Final.jar:/Users/ihakhverdiyev/.m2/repository/org/jboss/logging/jboss-logging/3.4.1.Final/jboss-logging-3.4.1.Final.jar:/Users/ihakhverdiyev/.m2/repository/org/javassist/javassist/3.24.0-GA/javassist-3.24.0-GA.jar:/Users/ihakhverdiyev/.m2/repository/net/bytebuddy/byte-buddy/1.10.1/byte-buddy-1.10.1.jar:/Users/ihakhverdiyev/.m2/repository/antlr/antlr/2.7.7/antlr-2.7.7.jar:/Users/ihakhverdiyev/.m2/repository/org/jboss/jandex/2.0.5.Final/jandex-2.0.5.Final.jar:/Users/ihakhverdiyev/.m2/repository/org/dom4j/dom4j/2.1.1/dom4j-2.1.1.jar:/Users/ihakhverdiyev/.m2/repository/org/hibernate/common/hibernate-commons-annotations/5.1.0.Final/hibernate-commons-annotations-5.1.0.Final.jar:/Users/ihakhverdiyev/.m2/repository/org/glassfish/jaxb/jaxb-runtime/2.3.2/jaxb-runtime-2.3.2.jar:/Users/ihakhverdiyev/.m2/repository/org/glassfish/jaxb/txw2/2.3.2/txw2-2.3.2.jar:/Users/ihakhverdiyev/.m2/repository/com/sun/istack/istack-commons-runtime/3.0.8/istack-commons-runtime-3.0.8.jar:/Users/ihakhverdiyev/.m2/repository/org/jvnet/staxex/stax-ex/1.8.1/stax-ex-1.8.1.jar:/Users/ihakhverdiyev/.m2/repository/com/sun/xml/fastinfoset/FastInfoset/1.2.16/FastInfoset-1.2.16.jar:/Users/ihakhverdiyev/.m2/repository/org/springframework/data/spring-data-jpa/2.2.0.RELEASE/spring-data-jpa-2.2.0.RELEASE.jar:/Users/ihakhverdiyev/.m2/repository/org/springframework/spring-orm/5.2.0.RELEASE/spring-orm-5.2.0.RELEASE.jar:/Users/ihakhverdiyev/.m2/repository/org/springframework/spring-aspects/5.2.0.RELEASE/spring-aspects-5.2.0.RELEASE.jar:/Users/ihakhverdiyev/.m2/repository/org/springframework/boot/spring-boot-starter-web/2.2.0.RELEASE/spring-boot-starter-web-2.2.0.RELEASE.jar:/Users/ihakhverdiyev/.m2/repository/org/springframework/boot/spring-boot-starter-json/2.2.0.RELEASE/spring-boot-starter-json-2.2.0.RELEASE.jar:/Users/ihakhverdiyev/.m2/repository/com/fasterxml/jackson/datatype/jackson-datatype-jdk8/2.10.0/jackson-datatype-jdk8-2.10.0.jar:/Users/ihakhverdiyev/.m2/repository/com/fasterxml/jackson/datatype/jackson-datatype-jsr310/2.10.0/jackson-datatype-jsr310-2.10.0.jar:/Users/ihakhverdiyev/.m2/repository/com/fasterxml/jackson/module/jackson-module-parameter-names/2.10.0/jackson-module-parameter-names-2.10.0.jar:/Users/ihakhverdiyev/.m2/repository/org/springframework/boot/spring-boot-starter-validation/2.2.0.RELEASE/spring-boot-starter-validation-2.2.0.RELEASE.jar:/Users/ihakhverdiyev/.m2/repository/jakarta/validation/jakarta.validation-api/2.0.1/jakarta.validation-api-2.0.1.jar:/Users/ihakhverdiyev/.m2/repository/org/hibernate/validator/hibernate-validator/6.0.17.Final/hibernate-validator-6.0.17.Final.jar:/Users/ihakhverdiyev/.m2/repository/org/springframework/spring-web/5.2.0.RELEASE/spring-web-5.2.0.RELEASE.jar:/Users/ihakhverdiyev/.m2/repository/org/springframework/spring-webmvc/5.2.0.RELEASE/spring-webmvc-5.2.0.RELEASE.jar:/Users/ihakhverdiyev/.m2/repository/org/springframework/spring-expression/5.2.0.RELEASE/spring-expression-5.2.0.RELEASE.jar:/Users/ihakhverdiyev/.m2/repository/org/springframework/boot/spring-boot-starter-websocket/2.2.0.RELEASE/spring-boot-starter-websocket-2.2.0.RELEASE.jar:/Users/ihakhverdiyev/.m2/repository/org/springframework/spring-messaging/5.2.0.RELEASE/spring-messaging-5.2.0.RELEASE.jar:/Users/ihakhverdiyev/.m2/repository/org/springframework/spring-websocket/5.2.0.RELEASE/spring-websocket-5.2.0.RELEASE.jar:/Users/ihakhverdiyev/.m2/repository/org/springframework/boot/spring-boot-starter-amqp/2.2.0.RELEASE/spring-boot-starter-amqp-2.2.0.RELEASE.jar:/Users/ihakhverdiyev/.m2/repository/org/springframework/amqp/spring-rabbit/2.2.0.RELEASE/spring-rabbit-2.2.0.RELEASE.jar:/Users/ihakhverdiyev/.m2/repository/com/rabbitmq/amqp-client/5.7.3/amqp-client-5.7.3.jar:/Users/ihakhverdiyev/.m2/repository/org/springframework/amqp/spring-amqp/2.2.0.RELEASE/spring-amqp-2.2.0.RELEASE.jar:/Users/ihakhverdiyev/.m2/repository/org/springframework/retry/spring-retry/1.2.4.RELEASE/spring-retry-1.2.4.RELEASE.jar:/Users/ihakhverdiyev/.m2/repository/org/springframework/boot/spring-boot-starter-reactor-netty/2.2.0.RELEASE/spring-boot-starter-reactor-netty-2.2.0.RELEASE.jar:/Users/ihakhverdiyev/.m2/repository/io/projectreactor/netty/reactor-netty/0.9.0.RELEASE/reactor-netty-0.9.0.RELEASE.jar:/Users/ihakhverdiyev/.m2/repository/io/netty/netty-codec-http/4.1.42.Final/netty-codec-http-4.1.42.Final.jar:/Users/ihakhverdiyev/.m2/repository/io/netty/netty-codec-http2/4.1.42.Final/netty-codec-http2-4.1.42.Final.jar:/Users/ihakhverdiyev/.m2/repository/io/netty/netty-handler/4.1.42.Final/netty-handler-4.1.42.Final.jar:/Users/ihakhverdiyev/.m2/repository/io/netty/netty-handler-proxy/4.1.42.Final/netty-handler-proxy-4.1.42.Final.jar:/Users/ihakhverdiyev/.m2/repository/io/netty/netty-codec-socks/4.1.42.Final/netty-codec-socks-4.1.42.Final.jar:/Users/ihakhverdiyev/.m2/repository/io/netty/netty-transport-native-epoll/4.1.42.Final/netty-transport-native-epoll-4.1.42.Final-linux-x86_64.jar:/Users/ihakhverdiyev/.m2/repository/io/netty/netty-transport-native-unix-common/4.1.42.Final/netty-transport-native-unix-common-4.1.42.Final.jar:/Users/ihakhverdiyev/.m2/repository/io/projectreactor/addons/reactor-pool/0.1.0.RELEASE/reactor-pool-0.1.0.RELEASE.jar:/Users/ihakhverdiyev/.m2/repository/io/projectreactor/reactor-core/3.3.0.RELEASE/reactor-core-3.3.0.RELEASE.jar:/Users/ihakhverdiyev/.m2/repository/org/reactivestreams/reactive-streams/1.0.3/reactive-streams-1.0.3.jar:/Users/ihakhverdiyev/.m2/repository/org/glassfish/jakarta.el/3.0.3/jakarta.el-3.0.3.jar:/Users/ihakhverdiyev/.m2/repository/org/springframework/boot/spring-boot-starter-test/2.2.0.RELEASE/spring-boot-starter-test-2.2.0.RELEASE.jar:/Users/ihakhverdiyev/.m2/repository/org/springframework/boot/spring-boot-test/2.2.0.RELEASE/spring-boot-test-2.2.0.RELEASE.jar:/Users/ihakhverdiyev/.m2/repository/org/springframework/boot/spring-boot-test-autoconfigure/2.2.0.RELEASE/spring-boot-test-autoconfigure-2.2.0.RELEASE.jar:/Users/ihakhverdiyev/.m2/repository/com/jayway/jsonpath/json-path/2.4.0/json-path-2.4.0.jar:/Users/ihakhverdiyev/.m2/repository/net/minidev/json-smart/2.3/json-smart-2.3.jar:/Users/ihakhverdiyev/.m2/repository/net/minidev/accessors-smart/1.2/accessors-smart-1.2.jar:/Users/ihakhverdiyev/.m2/repository/org/ow2/asm/asm/5.0.4/asm-5.0.4.jar:/Users/ihakhverdiyev/.m2/repository/jakarta/xml/bind/jakarta.xml.bind-api/2.3.2/jakarta.xml.bind-api-2.3.2.jar:/Users/ihakhverdiyev/.m2/repository/org/junit/jupiter/junit-jupiter/5.5.2/junit-jupiter-5.5.2.jar:/Users/ihakhverdiyev/.m2/repository/org/junit/jupiter/junit-jupiter-api/5.5.2/junit-jupiter-api-5.5.2.jar:/Users/ihakhverdiyev/.m2/repository/org/apiguardian/apiguardian-api/1.1.0/apiguardian-api-1.1.0.jar:/Users/ihakhverdiyev/.m2/repository/org/opentest4j/opentest4j/1.2.0/opentest4j-1.2.0.jar:/Users/ihakhverdiyev/.m2/repository/org/junit/platform/junit-platform-commons/1.5.2/junit-platform-commons-1.5.2.jar:/Users/ihakhverdiyev/.m2/repository/org/junit/jupiter/junit-jupiter-params/5.5.2/junit-jupiter-params-5.5.2.jar:/Users/ihakhverdiyev/.m2/repository/org/junit/jupiter/junit-jupiter-engine/5.5.2/junit-jupiter-engine-5.5.2.jar:/Users/ihakhverdiyev/.m2/repository/org/junit/platform/junit-platform-engine/1.5.2/junit-platform-engine-1.5.2.jar:/Users/ihakhverdiyev/.m2/repository/org/mockito/mockito-junit-jupiter/3.1.0/mockito-junit-jupiter-3.1.0.jar:/Users/ihakhverdiyev/.m2/repository/org/assertj/assertj-core/3.13.2/assertj-core-3.13.2.jar:/Users/ihakhverdiyev/.m2/repository/org/hamcrest/hamcrest/2.1/hamcrest-2.1.jar:/Users/ihakhverdiyev/.m2/repository/org/mockito/mockito-core/3.1.0/mockito-core-3.1.0.jar:/Users/ihakhverdiyev/.m2/repository/net/bytebuddy/byte-buddy-agent/1.10.1/byte-buddy-agent-1.10.1.jar:/Users/ihakhverdiyev/.m2/repository/org/objenesis/objenesis/2.6/objenesis-2.6.jar:/Users/ihakhverdiyev/.m2/repository/org/skyscreamer/jsonassert/1.5.0/jsonassert-1.5.0.jar:/Users/ihakhverdiyev/.m2/repository/com/vaadin/external/google/android-json/0.0.20131108.vaadin1/android-json-0.0.20131108.vaadin1.jar:/Users/ihakhverdiyev/.m2/repository/org/springframework/spring-core/5.2.0.RELEASE/spring-core-5.2.0.RELEASE.jar:/Users/ihakhverdiyev/.m2/repository/org/springframework/spring-jcl/5.2.0.RELEASE/spring-jcl-5.2.0.RELEASE.jar:/Users/ihakhverdiyev/.m2/repository/org/springframework/spring-test/5.2.0.RELEASE/spring-test-5.2.0.RELEASE.jar:/Users/ihakhverdiyev/.m2/repository/org/xmlunit/xmlunit-core/2.6.3/xmlunit-core-2.6.3.jar:"/>
    <property name="java.vm.vendor" value="Oracle Corporation"/>
    <property name="sun.arch.data.model" value="64"/>
    <property name="java.vendor.url" value="https://java.oracle.com/"/>
    <property name="os.name" value="Mac OS X"/>
    <property name="java.vm.specification.version" value="13"/>
    <property name="sun.java.launcher" value="SUN_STANDARD"/>
    <property name="user.country" value="AZ"/>
    <property name="sun.boot.library.path" value="/Library/Java/JavaVirtualMachines/jdk-13.jdk/Contents/Home/lib"/>
    <property name="sun.java.command" value="/Users/ihakhverdiyev/Desktop/sdp/target/surefire/surefirebooter11704898568940115030.jar /Users/ihakhverdiyev/Desktop/sdp/target/surefire 2020-04-17T17-44-55_525-jvmRun1 surefire961021339686810911tmp surefire_03695342810307451115tmp"/>
    <property name="http.nonProxyHosts" value="local|*.local|169.254/16|*.169.254/16"/>
    <property name="jdk.debug" value="release"/>
    <property name="surefire.test.class.path" value="/Users/ihakhverdiyev/Desktop/sdp/target/test-classes:/Users/ihakhverdiyev/Desktop/sdp/target/classes:/Users/ihakhverdiyev/.m2/repository/org/postgresql/postgresql/42.2.8/postgresql-42.2.8.jar:/Users/ihakhverdiyev/.m2/repository/org/springframework/boot/spring-boot-starter-mail/2.2.0.RELEASE/spring-boot-starter-mail-2.2.0.RELEASE.jar:/Users/ihakhverdiyev/.m2/repository/org/springframework/boot/spring-boot-starter/2.2.0.RELEASE/spring-boot-starter-2.2.0.RELEASE.jar:/Users/ihakhverdiyev/.m2/repository/org/springframework/boot/spring-boot-starter-logging/2.2.0.RELEASE/spring-boot-starter-logging-2.2.0.RELEASE.jar:/Users/ihakhverdiyev/.m2/repository/ch/qos/logback/logback-classic/1.2.3/logback-classic-1.2.3.jar:/Users/ihakhverdiyev/.m2/repository/ch/qos/logback/logback-core/1.2.3/logback-core-1.2.3.jar:/Users/ihakhverdiyev/.m2/repository/org/apache/logging/log4j/log4j-to-slf4j/2.12.1/log4j-to-slf4j-2.12.1.jar:/Users/ihakhverdiyev/.m2/repository/org/apache/logging/log4j/log4j-api/2.12.1/log4j-api-2.12.1.jar:/Users/ihakhverdiyev/.m2/repository/org/slf4j/jul-to-slf4j/1.7.28/jul-to-slf4j-1.7.28.jar:/Users/ihakhverdiyev/.m2/repository/org/yaml/snakeyaml/1.25/snakeyaml-1.25.jar:/Users/ihakhverdiyev/.m2/repository/org/springframework/spring-context-support/5.2.0.RELEASE/spring-context-support-5.2.0.RELEASE.jar:/Users/ihakhverdiyev/.m2/repository/org/springframework/spring-beans/5.2.0.RELEASE/spring-beans-5.2.0.RELEASE.jar:/Users/ihakhverdiyev/.m2/repository/org/springframework/spring-context/5.2.0.RELEASE/spring-context-5.2.0.RELEASE.jar:/Users/ihakhverdiyev/.m2/repository/com/sun/mail/jakarta.mail/1.6.4/jakarta.mail-1.6.4.jar:/Users/ihakhverdiyev/.m2/repository/com/sun/activation/jakarta.activation/1.2.1/jakarta.activation-1.2.1.jar:/Users/ihakhverdiyev/.m2/repository/io/springfox/springfox-swagger2/2.7.0/springfox-swagger2-2.7.0.jar:/Users/ihakhverdiyev/.m2/repository/io/swagger/swagger-annotations/1.5.13/swagger-annotations-1.5.13.jar:/Users/ihakhverdiyev/.m2/repository/io/swagger/swagger-models/1.5.13/swagger-models-1.5.13.jar:/Users/ihakhverdiyev/.m2/repository/io/springfox/springfox-spi/2.7.0/springfox-spi-2.7.0.jar:/Users/ihakhverdiyev/.m2/repository/io/springfox/springfox-core/2.7.0/springfox-core-2.7.0.jar:/Users/ihakhverdiyev/.m2/repository/io/springfox/springfox-schema/2.7.0/springfox-schema-2.7.0.jar:/Users/ihakhverdiyev/.m2/repository/io/springfox/springfox-swagger-common/2.7.0/springfox-swagger-common-2.7.0.jar:/Users/ihakhverdiyev/.m2/repository/io/springfox/springfox-spring-web/2.7.0/springfox-spring-web-2.7.0.jar:/Users/ihakhverdiyev/.m2/repository/org/reflections/reflections/0.9.11/reflections-0.9.11.jar:/Users/ihakhverdiyev/.m2/repository/com/google/guava/guava/18.0/guava-18.0.jar:/Users/ihakhverdiyev/.m2/repository/com/fasterxml/classmate/1.5.0/classmate-1.5.0.jar:/Users/ihakhverdiyev/.m2/repository/org/slf4j/slf4j-api/1.7.28/slf4j-api-1.7.28.jar:/Users/ihakhverdiyev/.m2/repository/org/springframework/plugin/spring-plugin-core/1.2.0.RELEASE/spring-plugin-core-1.2.0.RELEASE.jar:/Users/ihakhverdiyev/.m2/repository/org/springframework/spring-aop/5.2.0.RELEASE/spring-aop-5.2.0.RELEASE.jar:/Users/ihakhverdiyev/.m2/repository/org/springframework/plugin/spring-plugin-metadata/1.2.0.RELEASE/spring-plugin-metadata-1.2.0.RELEASE.jar:/Users/ihakhverdiyev/.m2/repository/org/mapstruct/mapstruct/1.1.0.Final/mapstruct-1.1.0.Final.jar:/Users/ihakhverdiyev/.m2/repository/org/springframework/boot/spring-boot-starter-tomcat/2.2.0.RELEASE/spring-boot-starter-tomcat-2.2.0.RELEASE.jar:/Users/ihakhverdiyev/.m2/repository/jakarta/annotation/jakarta.annotation-api/1.3.5/jakarta.annotation-api-1.3.5.jar:/Users/ihakhverdiyev/.m2/repository/org/apache/tomcat/embed/tomcat-embed-core/9.0.27/tomcat-embed-core-9.0.27.jar:/Users/ihakhverdiyev/.m2/repository/org/apache/tomcat/embed/tomcat-embed-el/9.0.27/tomcat-embed-el-9.0.27.jar:/Users/ihakhverdiyev/.m2/repository/org/apache/tomcat/embed/tomcat-embed-websocket/9.0.27/tomcat-embed-websocket-9.0.27.jar:/Users/ihakhverdiyev/.m2/repository/io/springfox/springfox-swagger-ui/2.7.0/springfox-swagger-ui-2.7.0.jar:/Users/ihakhverdiyev/.m2/repository/org/springframework/boot/spring-boot-starter-thymeleaf/2.2.0.RELEASE/spring-boot-starter-thymeleaf-2.2.0.RELEASE.jar:/Users/ihakhverdiyev/.m2/repository/org/thymeleaf/thymeleaf-spring5/3.0.11.RELEASE/thymeleaf-spring5-3.0.11.RELEASE.jar:/Users/ihakhverdiyev/.m2/repository/org/thymeleaf/thymeleaf/3.0.11.RELEASE/thymeleaf-3.0.11.RELEASE.jar:/Users/ihakhverdiyev/.m2/repository/org/attoparser/attoparser/2.0.5.RELEASE/attoparser-2.0.5.RELEASE.jar:/Users/ihakhverdiyev/.m2/repository/org/unbescape/unbescape/1.1.6.RELEASE/unbescape-1.1.6.RELEASE.jar:/Users/ihakhverdiyev/.m2/repository/org/thymeleaf/extras/thymeleaf-extras-java8time/3.0.4.RELEASE/thymeleaf-extras-java8time-3.0.4.RELEASE.jar:/Users/ihakhverdiyev/.m2/repository/org/springframework/boot/spring-boot-devtools/2.2.0.RELEASE/spring-boot-devtools-2.2.0.RELEASE.jar:/Users/ihakhverdiyev/.m2/repository/org/springframework/boot/spring-boot/2.2.0.RELEASE/spring-boot-2.2.0.RELEASE.jar:/Users/ihakhverdiyev/.m2/repository/org/springframework/boot/spring-boot-autoconfigure/2.2.0.RELEASE/spring-boot-autoconfigure-2.2.0.RELEASE.jar:/Users/ihakhverdiyev/.m2/repository/org/springframework/boot/spring-boot-starter-data-elasticsearch/2.2.0.RELEASE/spring-boot-starter-data-elasticsearch-2.2.0.RELEASE.jar:/Users/ihakhverdiyev/.m2/repository/org/springframework/data/spring-data-elasticsearch/3.2.0.RELEASE/spring-data-elasticsearch-3.2.0.RELEASE.jar:/Users/ihakhverdiyev/.m2/repository/org/springframework/spring-tx/5.2.0.RELEASE/spring-tx-5.2.0.RELEASE.jar:/Users/ihakhverdiyev/.m2/repository/org/springframework/data/spring-data-commons/2.2.0.RELEASE/spring-data-commons-2.2.0.RELEASE.jar:/Users/ihakhverdiyev/.m2/repository/org/elasticsearch/client/transport/6.8.3/transport-6.8.3.jar:/Users/ihakhverdiyev/.m2/repository/org/elasticsearch/elasticsearch/6.8.3/elasticsearch-6.8.3.jar:/Users/ihakhverdiyev/.m2/repository/org/elasticsearch/elasticsearch-core/6.8.3/elasticsearch-core-6.8.3.jar:/Users/ihakhverdiyev/.m2/repository/org/elasticsearch/elasticsearch-secure-sm/6.8.3/elasticsearch-secure-sm-6.8.3.jar:/Users/ihakhverdiyev/.m2/repository/org/elasticsearch/elasticsearch-x-content/6.8.3/elasticsearch-x-content-6.8.3.jar:/Users/ihakhverdiyev/.m2/repository/com/fasterxml/jackson/dataformat/jackson-dataformat-smile/2.10.0/jackson-dataformat-smile-2.10.0.jar:/Users/ihakhverdiyev/.m2/repository/com/fasterxml/jackson/dataformat/jackson-dataformat-yaml/2.10.0/jackson-dataformat-yaml-2.10.0.jar:/Users/ihakhverdiyev/.m2/repository/com/fasterxml/jackson/dataformat/jackson-dataformat-cbor/2.10.0/jackson-dataformat-cbor-2.10.0.jar:/Users/ihakhverdiyev/.m2/repository/org/apache/lucene/lucene-core/7.7.0/lucene-core-7.7.0.jar:/Users/ihakhverdiyev/.m2/repository/org/apache/lucene/lucene-analyzers-common/7.7.0/lucene-analyzers-common-7.7.0.jar:/Users/ihakhverdiyev/.m2/repository/org/apache/lucene/lucene-backward-codecs/7.7.0/lucene-backward-codecs-7.7.0.jar:/Users/ihakhverdiyev/.m2/repository/org/apache/lucene/lucene-grouping/7.7.0/lucene-grouping-7.7.0.jar:/Users/ihakhverdiyev/.m2/repository/org/apache/lucene/lucene-highlighter/7.7.0/lucene-highlighter-7.7.0.jar:/Users/ihakhverdiyev/.m2/repository/org/apache/lucene/lucene-join/7.7.0/lucene-join-7.7.0.jar:/Users/ihakhverdiyev/.m2/repository/org/apache/lucene/lucene-memory/7.7.0/lucene-memory-7.7.0.jar:/Users/ihakhverdiyev/.m2/repository/org/apache/lucene/lucene-misc/7.7.0/lucene-misc-7.7.0.jar:/Users/ihakhverdiyev/.m2/repository/org/apache/lucene/lucene-queries/7.7.0/lucene-queries-7.7.0.jar:/Users/ihakhverdiyev/.m2/repository/org/apache/lucene/lucene-queryparser/7.7.0/lucene-queryparser-7.7.0.jar:/Users/ihakhverdiyev/.m2/repository/org/apache/lucene/lucene-sandbox/7.7.0/lucene-sandbox-7.7.0.jar:/Users/ihakhverdiyev/.m2/repository/org/apache/lucene/lucene-spatial/7.7.0/lucene-spatial-7.7.0.jar:/Users/ihakhverdiyev/.m2/repository/org/apache/lucene/lucene-spatial-extras/7.7.0/lucene-spatial-extras-7.7.0.jar:/Users/ihakhverdiyev/.m2/repository/org/apache/lucene/lucene-spatial3d/7.7.0/lucene-spatial3d-7.7.0.jar:/Users/ihakhverdiyev/.m2/repository/org/apache/lucene/lucene-suggest/7.7.0/lucene-suggest-7.7.0.jar:/Users/ihakhverdiyev/.m2/repository/org/elasticsearch/elasticsearch-cli/6.8.3/elasticsearch-cli-6.8.3.jar:/Users/ihakhverdiyev/.m2/repository/net/sf/jopt-simple/jopt-simple/5.0.2/jopt-simple-5.0.2.jar:/Users/ihakhverdiyev/.m2/repository/com/carrotsearch/hppc/0.7.1/hppc-0.7.1.jar:/Users/ihakhverdiyev/.m2/repository/com/tdunning/t-digest/3.2/t-digest-3.2.jar:/Users/ihakhverdiyev/.m2/repository/org/hdrhistogram/HdrHistogram/2.1.9/HdrHistogram-2.1.9.jar:/Users/ihakhverdiyev/.m2/repository/org/elasticsearch/jna/4.5.1/jna-4.5.1.jar:/Users/ihakhverdiyev/.m2/repository/org/elasticsearch/plugin/reindex-client/6.8.3/reindex-client-6.8.3.jar:/Users/ihakhverdiyev/.m2/repository/org/elasticsearch/elasticsearch-ssl-config/6.8.3/elasticsearch-ssl-config-6.8.3.jar:/Users/ihakhverdiyev/.m2/repository/org/elasticsearch/plugin/lang-mustache-client/6.8.3/lang-mustache-client-6.8.3.jar:/Users/ihakhverdiyev/.m2/repository/com/github/spullara/mustache/java/compiler/0.9.3/compiler-0.9.3.jar:/Users/ihakhverdiyev/.m2/repository/org/elasticsearch/plugin/percolator-client/6.8.3/percolator-client-6.8.3.jar:/Users/ihakhverdiyev/.m2/repository/org/elasticsearch/plugin/parent-join-client/6.8.3/parent-join-client-6.8.3.jar:/Users/ihakhverdiyev/.m2/repository/org/elasticsearch/plugin/rank-eval-client/6.8.3/rank-eval-client-6.8.3.jar:/Users/ihakhverdiyev/.m2/repository/org/elasticsearch/plugin/transport-netty4-client/6.8.3/transport-netty4-client-6.8.3.jar:/Users/ihakhverdiyev/.m2/repository/io/netty/netty-buffer/4.1.42.Final/netty-buffer-4.1.42.Final.jar:/Users/ihakhverdiyev/.m2/repository/io/netty/netty-codec/4.1.42.Final/netty-codec-4.1.42.Final.jar:/Users/ihakhverdiyev/.m2/repository/io/netty/netty-common/4.1.42.Final/netty-common-4.1.42.Final.jar:/Users/ihakhverdiyev/.m2/repository/io/netty/netty-resolver/4.1.42.Final/netty-resolver-4.1.42.Final.jar:/Users/ihakhverdiyev/.m2/repository/io/netty/netty-transport/4.1.42.Final/netty-transport-4.1.42.Final.jar:/Users/ihakhverdiyev/.m2/repository/org/elasticsearch/client/elasticsearch-rest-high-level-client/6.8.3/elasticsearch-rest-high-level-client-6.8.3.jar:/Users/ihakhverdiyev/.m2/repository/org/elasticsearch/client/elasticsearch-rest-client/6.8.3/elasticsearch-rest-client-6.8.3.jar:/Users/ihakhverdiyev/.m2/repository/org/apache/httpcomponents/httpasyncclient/4.1.4/httpasyncclient-4.1.4.jar:/Users/ihakhverdiyev/.m2/repository/org/apache/httpcomponents/httpcore-nio/4.4.12/httpcore-nio-4.4.12.jar:/Users/ihakhverdiyev/.m2/repository/commons-codec/commons-codec/1.13/commons-codec-1.13.jar:/Users/ihakhverdiyev/.m2/repository/org/elasticsearch/plugin/aggs-matrix-stats-client/6.8.3/aggs-matrix-stats-client-6.8.3.jar:/Users/ihakhverdiyev/.m2/repository/com/twilio/sdk/twilio/7.42.0/twilio-7.42.0.jar:/Users/ihakhverdiyev/.m2/repository/joda-time/joda-time/2.10.4/joda-time-2.10.4.jar:/Users/ihakhverdiyev/.m2/repository/io/jsonwebtoken/jjwt/0.4/jjwt-0.4.jar:/Users/ihakhverdiyev/.m2/repository/org/apache/httpcomponents/httpclient/4.5.10/httpclient-4.5.10.jar:/Users/ihakhverdiyev/.m2/repository/org/apache/httpcomponents/httpcore/4.4.12/httpcore-4.4.12.jar:/Users/ihakhverdiyev/.m2/repository/com/fasterxml/jackson/core/jackson-core/2.10.0/jackson-core-2.10.0.jar:/Users/ihakhverdiyev/.m2/repository/com/fasterxml/jackson/core/jackson-annotations/2.10.0/jackson-annotations-2.10.0.jar:/Users/ihakhverdiyev/.m2/repository/com/fasterxml/jackson/core/jackson-databind/2.10.0/jackson-databind-2.10.0.jar:/Users/ihakhverdiyev/.m2/repository/javax/xml/bind/jaxb-api/2.3.1/jaxb-api-2.3.1.jar:/Users/ihakhverdiyev/.m2/repository/javax/activation/javax.activation-api/1.2.0/javax.activation-api-1.2.0.jar:/Users/ihakhverdiyev/.m2/repository/org/springframework/boot/spring-boot-starter-data-jpa/2.2.0.RELEASE/spring-boot-starter-data-jpa-2.2.0.RELEASE.jar:/Users/ihakhverdiyev/.m2/repository/org/springframework/boot/spring-boot-starter-aop/2.2.0.RELEASE/spring-boot-starter-aop-2.2.0.RELEASE.jar:/Users/ihakhverdiyev/.m2/repository/org/aspectj/aspectjweaver/1.9.4/aspectjweaver-1.9.4.jar:/Users/ihakhverdiyev/.m2/repository/org/springframework/boot/spring-boot-starter-jdbc/2.2.0.RELEASE/spring-boot-starter-jdbc-2.2.0.RELEASE.jar:/Users/ihakhverdiyev/.m2/repository/com/zaxxer/HikariCP/3.4.1/HikariCP-3.4.1.jar:/Users/ihakhverdiyev/.m2/repository/org/springframework/spring-jdbc/5.2.0.RELEASE/spring-jdbc-5.2.0.RELEASE.jar:/Users/ihakhverdiyev/.m2/repository/jakarta/activation/jakarta.activation-api/1.2.1/jakarta.activation-api-1.2.1.jar:/Users/ihakhverdiyev/.m2/repository/jakarta/persistence/jakarta.persistence-api/2.2.3/jakarta.persistence-api-2.2.3.jar:/Users/ihakhverdiyev/.m2/repository/jakarta/transaction/jakarta.transaction-api/1.3.3/jakarta.transaction-api-1.3.3.jar:/Users/ihakhverdiyev/.m2/repository/org/hibernate/hibernate-core/5.4.6.Final/hibernate-core-5.4.6.Final.jar:/Users/ihakhverdiyev/.m2/repository/org/jboss/logging/jboss-logging/3.4.1.Final/jboss-logging-3.4.1.Final.jar:/Users/ihakhverdiyev/.m2/repository/org/javassist/javassist/3.24.0-GA/javassist-3.24.0-GA.jar:/Users/ihakhverdiyev/.m2/repository/net/bytebuddy/byte-buddy/1.10.1/byte-buddy-1.10.1.jar:/Users/ihakhverdiyev/.m2/repository/antlr/antlr/2.7.7/antlr-2.7.7.jar:/Users/ihakhverdiyev/.m2/repository/org/jboss/jandex/2.0.5.Final/jandex-2.0.5.Final.jar:/Users/ihakhverdiyev/.m2/repository/org/dom4j/dom4j/2.1.1/dom4j-2.1.1.jar:/Users/ihakhverdiyev/.m2/repository/org/hibernate/common/hibernate-commons-annotations/5.1.0.Final/hibernate-commons-annotations-5.1.0.Final.jar:/Users/ihakhverdiyev/.m2/repository/org/glassfish/jaxb/jaxb-runtime/2.3.2/jaxb-runtime-2.3.2.jar:/Users/ihakhverdiyev/.m2/repository/org/glassfish/jaxb/txw2/2.3.2/txw2-2.3.2.jar:/Users/ihakhverdiyev/.m2/repository/com/sun/istack/istack-commons-runtime/3.0.8/istack-commons-runtime-3.0.8.jar:/Users/ihakhverdiyev/.m2/repository/org/jvnet/staxex/stax-ex/1.8.1/stax-ex-1.8.1.jar:/Users/ihakhverdiyev/.m2/repository/com/sun/xml/fastinfoset/FastInfoset/1.2.16/FastInfoset-1.2.16.jar:/Users/ihakhverdiyev/.m2/repository/org/springframework/data/spring-data-jpa/2.2.0.RELEASE/spring-data-jpa-2.2.0.RELEASE.jar:/Users/ihakhverdiyev/.m2/repository/org/springframework/spring-orm/5.2.0.RELEASE/spring-orm-5.2.0.RELEASE.jar:/Users/ihakhverdiyev/.m2/repository/org/springframework/spring-aspects/5.2.0.RELEASE/spring-aspects-5.2.0.RELEASE.jar:/Users/ihakhverdiyev/.m2/repository/org/springframework/boot/spring-boot-starter-web/2.2.0.RELEASE/spring-boot-starter-web-2.2.0.RELEASE.jar:/Users/ihakhverdiyev/.m2/repository/org/springframework/boot/spring-boot-starter-json/2.2.0.RELEASE/spring-boot-starter-json-2.2.0.RELEASE.jar:/Users/ihakhverdiyev/.m2/repository/com/fasterxml/jackson/datatype/jackson-datatype-jdk8/2.10.0/jackson-datatype-jdk8-2.10.0.jar:/Users/ihakhverdiyev/.m2/repository/com/fasterxml/jackson/datatype/jackson-datatype-jsr310/2.10.0/jackson-datatype-jsr310-2.10.0.jar:/Users/ihakhverdiyev/.m2/repository/com/fasterxml/jackson/module/jackson-module-parameter-names/2.10.0/jackson-module-parameter-names-2.10.0.jar:/Users/ihakhverdiyev/.m2/repository/org/springframework/boot/spring-boot-starter-validation/2.2.0.RELEASE/spring-boot-starter-validation-2.2.0.RELEASE.jar:/Users/ihakhverdiyev/.m2/repository/jakarta/validation/jakarta.validation-api/2.0.1/jakarta.validation-api-2.0.1.jar:/Users/ihakhverdiyev/.m2/repository/org/hibernate/validator/hibernate-validator/6.0.17.Final/hibernate-validator-6.0.17.Final.jar:/Users/ihakhverdiyev/.m2/repository/org/springframework/spring-web/5.2.0.RELEASE/spring-web-5.2.0.RELEASE.jar:/Users/ihakhverdiyev/.m2/repository/org/springframework/spring-webmvc/5.2.0.RELEASE/spring-webmvc-5.2.0.RELEASE.jar:/Users/ihakhverdiyev/.m2/repository/org/springframework/spring-expression/5.2.0.RELEASE/spring-expression-5.2.0.RELEASE.jar:/Users/ihakhverdiyev/.m2/repository/org/springframework/boot/spring-boot-starter-websocket/2.2.0.RELEASE/spring-boot-starter-websocket-2.2.0.RELEASE.jar:/Users/ihakhverdiyev/.m2/repository/org/springframework/spring-messaging/5.2.0.RELEASE/spring-messaging-5.2.0.RELEASE.jar:/Users/ihakhverdiyev/.m2/repository/org/springframework/spring-websocket/5.2.0.RELEASE/spring-websocket-5.2.0.RELEASE.jar:/Users/ihakhverdiyev/.m2/repository/org/springframework/boot/spring-boot-starter-amqp/2.2.0.RELEASE/spring-boot-starter-amqp-2.2.0.RELEASE.jar:/Users/ihakhverdiyev/.m2/repository/org/springframework/amqp/spring-rabbit/2.2.0.RELEASE/spring-rabbit-2.2.0.RELEASE.jar:/Users/ihakhverdiyev/.m2/repository/com/rabbitmq/amqp-client/5.7.3/amqp-client-5.7.3.jar:/Users/ihakhverdiyev/.m2/repository/org/springframework/amqp/spring-amqp/2.2.0.RELEASE/spring-amqp-2.2.0.RELEASE.jar:/Users/ihakhverdiyev/.m2/repository/org/springframework/retry/spring-retry/1.2.4.RELEASE/spring-retry-1.2.4.RELEASE.jar:/Users/ihakhverdiyev/.m2/repository/org/springframework/boot/spring-boot-starter-reactor-netty/2.2.0.RELEASE/spring-boot-starter-reactor-netty-2.2.0.RELEASE.jar:/Users/ihakhverdiyev/.m2/repository/io/projectreactor/netty/reactor-netty/0.9.0.RELEASE/reactor-netty-0.9.0.RELEASE.jar:/Users/ihakhverdiyev/.m2/repository/io/netty/netty-codec-http/4.1.42.Final/netty-codec-http-4.1.42.Final.jar:/Users/ihakhverdiyev/.m2/repository/io/netty/netty-codec-http2/4.1.42.Final/netty-codec-http2-4.1.42.Final.jar:/Users/ihakhverdiyev/.m2/repository/io/netty/netty-handler/4.1.42.Final/netty-handler-4.1.42.Final.jar:/Users/ihakhverdiyev/.m2/repository/io/netty/netty-handler-proxy/4.1.42.Final/netty-handler-proxy-4.1.42.Final.jar:/Users/ihakhverdiyev/.m2/repository/io/netty/netty-codec-socks/4.1.42.Final/netty-codec-socks-4.1.42.Final.jar:/Users/ihakhverdiyev/.m2/repository/io/netty/netty-transport-native-epoll/4.1.42.Final/netty-transport-native-epoll-4.1.42.Final-linux-x86_64.jar:/Users/ihakhverdiyev/.m2/repository/io/netty/netty-transport-native-unix-common/4.1.42.Final/netty-transport-native-unix-common-4.1.42.Final.jar:/Users/ihakhverdiyev/.m2/repository/io/projectreactor/addons/reactor-pool/0.1.0.RELEASE/reactor-pool-0.1.0.RELEASE.jar:/Users/ihakhverdiyev/.m2/repository/io/projectreactor/reactor-core/3.3.0.RELEASE/reactor-core-3.3.0.RELEASE.jar:/Users/ihakhverdiyev/.m2/repository/org/reactivestreams/reactive-streams/1.0.3/reactive-streams-1.0.3.jar:/Users/ihakhverdiyev/.m2/repository/org/glassfish/jakarta.el/3.0.3/jakarta.el-3.0.3.jar:/Users/ihakhverdiyev/.m2/repository/org/springframework/boot/spring-boot-starter-test/2.2.0.RELEASE/spring-boot-starter-test-2.2.0.RELEASE.jar:/Users/ihakhverdiyev/.m2/repository/org/springframework/boot/spring-boot-test/2.2.0.RELEASE/spring-boot-test-2.2.0.RELEASE.jar:/Users/ihakhverdiyev/.m2/repository/org/springframework/boot/spring-boot-test-autoconfigure/2.2.0.RELEASE/spring-boot-test-autoconfigure-2.2.0.RELEASE.jar:/Users/ihakhverdiyev/.m2/repository/com/jayway/jsonpath/json-path/2.4.0/json-path-2.4.0.jar:/Users/ihakhverdiyev/.m2/repository/net/minidev/json-smart/2.3/json-smart-2.3.jar:/Users/ihakhverdiyev/.m2/repository/net/minidev/accessors-smart/1.2/accessors-smart-1.2.jar:/Users/ihakhverdiyev/.m2/repository/org/ow2/asm/asm/5.0.4/asm-5.0.4.jar:/Users/ihakhverdiyev/.m2/repository/jakarta/xml/bind/jakarta.xml.bind-api/2.3.2/jakarta.xml.bind-api-2.3.2.jar:/Users/ihakhverdiyev/.m2/repository/org/junit/jupiter/junit-jupiter/5.5.2/junit-jupiter-5.5.2.jar:/Users/ihakhverdiyev/.m2/repository/org/junit/jupiter/junit-jupiter-api/5.5.2/junit-jupiter-api-5.5.2.jar:/Users/ihakhverdiyev/.m2/repository/org/apiguardian/apiguardian-api/1.1.0/apiguardian-api-1.1.0.jar:/Users/ihakhverdiyev/.m2/repository/org/opentest4j/opentest4j/1.2.0/opentest4j-1.2.0.jar:/Users/ihakhverdiyev/.m2/repository/org/junit/platform/junit-platform-commons/1.5.2/junit-platform-commons-1.5.2.jar:/Users/ihakhverdiyev/.m2/repository/org/junit/jupiter/junit-jupiter-params/5.5.2/junit-jupiter-params-5.5.2.jar:/Users/ihakhverdiyev/.m2/repository/org/junit/jupiter/junit-jupiter-engine/5.5.2/junit-jupiter-engine-5.5.2.jar:/Users/ihakhverdiyev/.m2/repository/org/junit/platform/junit-platform-engine/1.5.2/junit-platform-engine-1.5.2.jar:/Users/ihakhverdiyev/.m2/repository/org/mockito/mockito-junit-jupiter/3.1.0/mockito-junit-jupiter-3.1.0.jar:/Users/ihakhverdiyev/.m2/repository/org/assertj/assertj-core/3.13.2/assertj-core-3.13.2.jar:/Users/ihakhverdiyev/.m2/repository/org/hamcrest/hamcrest/2.1/hamcrest-2.1.jar:/Users/ihakhverdiyev/.m2/repository/org/mockito/mockito-core/3.1.0/mockito-core-3.1.0.jar:/Users/ihakhverdiyev/.m2/repository/net/bytebuddy/byte-buddy-agent/1.10.1/byte-buddy-agent-1.10.1.jar:/Users/ihakhverdiyev/.m2/repository/org/objenesis/objenesis/2.6/objenesis-2.6.jar:/Users/ihakhverdiyev/.m2/repository/org/skyscreamer/jsonassert/1.5.0/jsonassert-1.5.0.jar:/Users/ihakhverdiyev/.m2/repository/com/vaadin/external/google/android-json/0.0.20131108.vaadin1/android-json-0.0.20131108.vaadin1.jar:/Users/ihakhverdiyev/.m2/repository/org/springframework/spring-core/5.2.0.RELEASE/spring-core-5.2.0.RELEASE.jar:/Users/ihakhverdiyev/.m2/repository/org/springframework/spring-jcl/5.2.0.RELEASE/spring-jcl-5.2.0.RELEASE.jar:/Users/ihakhverdiyev/.m2/repository/org/springframework/spring-test/5.2.0.RELEASE/spring-test-5.2.0.RELEASE.jar:/Users/ihakhverdiyev/.m2/repository/org/xmlunit/xmlunit-core/2.6.3/xmlunit-core-2.6.3.jar:"/>
    <property name="sun.cpu.endian" value="little"/>
    <property name="user.home" value="/Users/ihakhverdiyev"/>
    <property name="user.language" value="en"/>
    <property name="java.specification.vendor" value="Oracle Corporation"/>
    <property name="java.version.date" value="2019-09-17"/>
    <property name="java.home" value="/Library/Java/JavaVirtualMachines/jdk-13.jdk/Contents/Home"/>
    <property name="file.separator" value="/"/>
    <property name="basedir" value="/Users/ihakhverdiyev/Desktop/sdp"/>
    <property name="java.vm.compressedOopsMode" value="Zero based"/>
    <property name="line.separator" value="&#10;"/>
    <property name="idea.version2019.2.3" value="true"/>
    <property name="java.specification.name" value="Java Platform API Specification"/>
    <property name="java.vm.specification.vendor" value="Oracle Corporation"/>
    <property name="surefire.real.class.path" value="/Users/ihakhverdiyev/Desktop/sdp/target/surefire/surefirebooter11704898568940115030.jar"/>
    <property name="sun.management.compiler" value="HotSpot 64-Bit Tiered Compilers"/>
    <property name="ftp.nonProxyHosts" value="local|*.local|169.254/16|*.169.254/16"/>
    <property name="java.runtime.version" value="13+33"/>
    <property name="user.name" value="ihakhverdiyev"/>
    <property name="path.separator" value=":"/>
    <property name="os.version" value="10.14.6"/>
    <property name="java.runtime.name" value="Java(TM) SE Runtime Environment"/>
    <property name="file.encoding" value="UTF-8"/>
    <property name="java.vm.name" value="Java HotSpot(TM) 64-Bit Server VM"/>
    <property name="localRepository" value="/Users/ihakhverdiyev/.m2/repository"/>
    <property name="java.vendor.url.bug" value="https://bugreport.java.com/bugreport/"/>
    <property name="java.io.tmpdir" value="/var/folders/wp/n72md2pn68bckrpnds4smz600000gn/T/"/>
    <property name="java.version" value="13"/>
    <property name="user.dir" value="/Users/ihakhverdiyev/Desktop/sdp"/>
    <property name="os.arch" value="x86_64"/>
    <property name="java.vm.specification.name" value="Java Virtual Machine Specification"/>
    <property name="java.library.path" value="/Users/ihakhverdiyev/Library/Java/Extensions:/Library/Java/Extensions:/Network/Library/Java/Extensions:/System/Library/Java/Extensions:/usr/lib/java:."/>
    <property name="java.vm.info" value="mixed mode, sharing"/>
    <property name="java.vendor" value="Oracle Corporation"/>
    <property name="java.vm.version" value="13+33"/>
    <property name="sun.io.unicode.encoding" value="UnicodeBig"/>
    <property name="socksNonProxyHosts" value="local|*.local|169.254/16|*.169.254/16"/>
    <property name="java.class.version" value="57.0"/>
  </properties>
  <testcase name="contextLoads" classname="ada.spd.startup.StartupApplicationTests" time="0.151"/>
</testsuite>